2018-08-30 14:04:26,581 [Worker-3] INFO  o.e.m.c.i.l.LifecycleMappingFactory - Using org.maven.ide.eclipse.wtp.WarLifecycleMapping lifecycle mapping for MavenProject: com.teamproject:InsuranceProject:0.0.1-SNAPSHOT @ D:\InsuranceProject\InsuranceProject\pom.xml.
2018-08-30 14:04:27,324 [Worker-3] INFO  o.e.m.j.i.AbstractJavaProjectConfigurator - Adding source folder /InsuranceProject/src/main/java
2018-08-30 14:04:27,326 [Worker-3] INFO  o.e.m.j.i.AbstractJavaProjectConfigurator - Adding resource folder /InsuranceProject/src/main/resources
2018-08-30 14:04:27,326 [Worker-3] INFO  o.e.m.j.i.AbstractJavaProjectConfigurator - Adding source folder /InsuranceProject/src/test/java
2018-08-30 14:04:27,326 [Worker-3] INFO  o.e.m.j.i.AbstractJavaProjectConfigurator - Adding resource folder /InsuranceProject/src/test/resources
2018-08-30 14:04:29,162 [Worker-25] WARN  o.e.m.c.i.embedder.EclipseLogger - Using platform encoding (Cp1252 actually) to copy filtered resources, i.e. build is platform dependent!
2018-08-30 14:04:29,167 [Worker-25] INFO  o.e.m.c.i.embedder.EclipseLogger - Copying 0 resource
2018-08-30 14:04:29,169 [Worker-25] WARN  o.e.m.c.i.embedder.EclipseLogger - Using platform encoding (Cp1252 actually) to copy filtered resources, i.e. build is platform dependent!
2018-08-30 14:04:29,170 [Worker-25] INFO  o.e.m.c.i.embedder.EclipseLogger - Copying 0 resource
2018-08-30 14:04:30,384 [Worker-26] WARN  o.e.m.c.i.embedder.EclipseLogger - Using platform encoding (Cp1252 actually) to copy filtered resources, i.e. build is platform dependent!
2018-08-30 14:04:30,386 [Worker-26] INFO  o.e.m.c.i.embedder.EclipseLogger - Copying 0 resource
2018-08-30 14:04:30,387 [Worker-26] WARN  o.e.m.c.i.embedder.EclipseLogger - Using platform encoding (Cp1252 actually) to copy filtered resources, i.e. build is platform dependent!
2018-08-30 14:04:30,388 [Worker-26] INFO  o.e.m.c.i.embedder.EclipseLogger - Copying 0 resource
2018-08-30 14:04:39,343 [Worker-29] WARN  o.e.m.c.i.embedder.EclipseLogger - Using platform encoding (Cp1252 actually) to copy filtered resources, i.e. build is platform dependent!
2018-08-30 14:04:39,343 [Worker-29] INFO  o.e.m.c.i.embedder.EclipseLogger - Copying 0 resource
2018-08-30 14:04:39,344 [Worker-29] WARN  o.e.m.c.i.embedder.EclipseLogger - Using platform encoding (Cp1252 actually) to copy filtered resources, i.e. build is platform dependent!
2018-08-30 14:04:39,345 [Worker-29] INFO  o.e.m.c.i.embedder.EclipseLogger - Copying 0 resource
2018-08-30 14:04:58,201 [Worker-23] WARN  o.e.m.c.i.embedder.EclipseLogger - Using platform encoding (Cp1252 actually) to copy filtered resources, i.e. build is platform dependent!
2018-08-30 14:04:58,202 [Worker-23] INFO  o.e.m.c.i.embedder.EclipseLogger - Copying 0 resource
2018-08-30 14:04:58,203 [Worker-23] WARN  o.e.m.c.i.embedder.EclipseLogger - Using platform encoding (Cp1252 actually) to copy filtered resources, i.e. build is platform dependent!
2018-08-30 14:04:58,204 [Worker-23] INFO  o.e.m.c.i.embedder.EclipseLogger - Copying 0 resource
2018-08-30 14:05:06,686 [Worker-26] WARN  o.e.m.c.i.embedder.EclipseLogger - Using platform encoding (Cp1252 actually) to copy filtered resources, i.e. build is platform dependent!
2018-08-30 14:05:06,687 [Worker-26] INFO  o.e.m.c.i.embedder.EclipseLogger - Copying 0 resource
2018-08-30 14:05:06,688 [Worker-26] WARN  o.e.m.c.i.embedder.EclipseLogger - Using platform encoding (Cp1252 actually) to copy filtered resources, i.e. build is platform dependent!
2018-08-30 14:05:06,688 [Worker-26] INFO  o.e.m.c.i.embedder.EclipseLogger - Copying 0 resource
2018-08-30 14:05:11,837 [Worker-30] WARN  o.e.m.c.i.embedder.EclipseLogger - Using platform encoding (Cp1252 actually) to copy filtered resources, i.e. build is platform dependent!
2018-08-30 14:05:11,839 [Worker-30] INFO  o.e.m.c.i.embedder.EclipseLogger - Copying 0 resource
2018-08-30 14:05:11,842 [Worker-30] WARN  o.e.m.c.i.embedder.EclipseLogger - Using platform encoding (Cp1252 actually) to copy filtered resources, i.e. build is platform dependent!
2018-08-30 14:05:11,844 [Worker-30] INFO  o.e.m.c.i.embedder.EclipseLogger - Copying 0 resource
2018-08-30 14:05:18,199 [Worker-28] WARN  o.e.m.c.i.embedder.EclipseLogger - Using platform encoding (Cp1252 actually) to copy filtered resources, i.e. build is platform dependent!
2018-08-30 14:05:18,200 [Worker-28] INFO  o.e.m.c.i.embedder.EclipseLogger - Copying 0 resource
2018-08-30 14:05:18,202 [Worker-28] WARN  o.e.m.c.i.embedder.EclipseLogger - Using platform encoding (Cp1252 actually) to copy filtered resources, i.e. build is platform dependent!
2018-08-30 14:05:18,202 [Worker-28] INFO  o.e.m.c.i.embedder.EclipseLogger - Copying 0 resource
2018-08-30 14:27:57,896 [Worker-40] WARN  o.e.m.c.i.embedder.EclipseLogger - Using platform encoding (Cp1252 actually) to copy filtered resources, i.e. build is platform dependent!
2018-08-30 14:27:57,897 [Worker-40] INFO  o.e.m.c.i.embedder.EclipseLogger - Copying 0 resource
2018-08-30 14:27:57,898 [Worker-40] WARN  o.e.m.c.i.embedder.EclipseLogger - Using platform encoding (Cp1252 actually) to copy filtered resources, i.e. build is platform dependent!
2018-08-30 14:27:57,898 [Worker-40] INFO  o.e.m.c.i.embedder.EclipseLogger - Copying 0 resource
2018-08-30 14:28:03,287 [Worker-47] WARN  o.e.m.c.i.embedder.EclipseLogger - Using platform encoding (Cp1252 actually) to copy filtered resources, i.e. build is platform dependent!
2018-08-30 14:28:03,288 [Worker-47] INFO  o.e.m.c.i.embedder.EclipseLogger - Copying 0 resource
2018-08-30 14:28:03,290 [Worker-47] WARN  o.e.m.c.i.embedder.EclipseLogger - Using platform encoding (Cp1252 actually) to copy filtered resources, i.e. build is platform dependent!
2018-08-30 14:28:03,291 [Worker-47] INFO  o.e.m.c.i.embedder.EclipseLogger - Copying 0 resource
2018-08-30 14:29:11,756 [Worker-52] INFO  o.e.m.c.i.l.LifecycleMappingFactory - Using org.maven.ide.eclipse.wtp.WarLifecycleMapping lifecycle mapping for MavenProject: com.teamproject:InsuranceProject:0.0.1-SNAPSHOT @ D:\InsuranceProject\InsuranceProject\pom.xml.
2018-08-30 14:29:12,543 [Worker-52] WARN  o.e.m.c.i.embedder.EclipseLogger - Using platform encoding (Cp1252 actually) to copy filtered resources, i.e. build is platform dependent!
2018-08-30 14:29:12,544 [Worker-52] INFO  o.e.m.c.i.embedder.EclipseLogger - Copying 0 resource
2018-08-30 14:29:12,546 [Worker-52] WARN  o.e.m.c.i.embedder.EclipseLogger - Using platform encoding (Cp1252 actually) to copy filtered resources, i.e. build is platform dependent!
2018-08-30 14:29:12,547 [Worker-52] INFO  o.e.m.c.i.embedder.EclipseLogger - Copying 0 resource
2018-08-30 14:29:12,547 [Worker-52] INFO  o.e.m.w.i.f.ResourceFilteringBuildParticipant - Changed resources require a complete clean of filtered resources of InsuranceProject
2018-08-30 14:29:12,548 [Worker-52] INFO  o.e.m.w.i.f.ResourceFilteringBuildParticipant - Executing resource filtering for InsuranceProject
2018-08-30 14:29:12,552 [Worker-52] WARN  o.e.m.c.i.embedder.EclipseLogger - Using platform encoding (Cp1252 actually) to copy filtered resources, i.e. build is platform dependent!
2018-08-30 14:30:19,001 [Worker-52] WARN  o.e.m.c.i.embedder.EclipseLogger - Using platform encoding (Cp1252 actually) to copy filtered resources, i.e. build is platform dependent!
2018-08-30 14:30:19,003 [Worker-52] INFO  o.e.m.c.i.embedder.EclipseLogger - Copying 0 resource
2018-08-30 14:30:19,004 [Worker-52] WARN  o.e.m.c.i.embedder.EclipseLogger - Using platform encoding (Cp1252 actually) to copy filtered resources, i.e. build is platform dependent!
2018-08-30 14:30:19,005 [Worker-52] INFO  o.e.m.c.i.embedder.EclipseLogger - Copying 0 resource
2018-08-30 14:30:19,139 [Worker-49] WARN  o.e.m.c.i.embedder.EclipseLogger - Using platform encoding (Cp1252 actually) to copy filtered resources, i.e. build is platform dependent!
2018-08-30 14:30:19,140 [Worker-49] INFO  o.e.m.c.i.embedder.EclipseLogger - Copying 0 resource
2018-08-30 14:30:19,140 [Worker-49] WARN  o.e.m.c.i.embedder.EclipseLogger - Using platform encoding (Cp1252 actually) to copy filtered resources, i.e. build is platform dependent!
2018-08-30 14:30:19,141 [Worker-49] INFO  o.e.m.c.i.embedder.EclipseLogger - Copying 0 resource
2018-08-30 14:30:59,444 [Worker-49] WARN  o.e.m.c.i.embedder.EclipseLogger - Using platform encoding (Cp1252 actually) to copy filtered resources, i.e. build is platform dependent!
2018-08-30 14:30:59,446 [Worker-49] INFO  o.e.m.c.i.embedder.EclipseLogger - Copying 0 resource
2018-08-30 14:30:59,447 [Worker-49] WARN  o.e.m.c.i.embedder.EclipseLogger - Using platform encoding (Cp1252 actually) to copy filtered resources, i.e. build is platform dependent!
2018-08-30 14:30:59,448 [Worker-49] INFO  o.e.m.c.i.embedder.EclipseLogger - Copying 0 resource
2018-08-30 14:31:16,672 [Worker-48] WARN  o.e.m.c.i.embedder.EclipseLogger - Using platform encoding (Cp1252 actually) to copy filtered resources, i.e. build is platform dependent!
2018-08-30 14:31:16,673 [Worker-48] INFO  o.e.m.c.i.embedder.EclipseLogger - Copying 0 resource
2018-08-30 14:31:16,675 [Worker-48] WARN  o.e.m.c.i.embedder.EclipseLogger - Using platform encoding (Cp1252 actually) to copy filtered resources, i.e. build is platform dependent!
2018-08-30 14:31:16,675 [Worker-48] INFO  o.e.m.c.i.embedder.EclipseLogger - Copying 0 resource
2018-08-30 14:31:34,369 [Worker-47] WARN  o.e.m.c.i.embedder.EclipseLogger - Using platform encoding (Cp1252 actually) to copy filtered resources, i.e. build is platform dependent!
2018-08-30 14:31:34,370 [Worker-47] INFO  o.e.m.c.i.embedder.EclipseLogger - Copying 0 resource
2018-08-30 14:31:34,370 [Worker-47] WARN  o.e.m.c.i.embedder.EclipseLogger - Using platform encoding (Cp1252 actually) to copy filtered resources, i.e. build is platform dependent!
2018-08-30 14:31:34,371 [Worker-47] INFO  o.e.m.c.i.embedder.EclipseLogger - Copying 0 resource
2018-08-30 14:33:31,033 [Worker-55] WARN  o.e.m.c.i.embedder.EclipseLogger - Using platform encoding (Cp1252 actually) to copy filtered resources, i.e. build is platform dependent!
2018-08-30 14:33:31,033 [Worker-55] INFO  o.e.m.c.i.embedder.EclipseLogger - Copying 0 resource
2018-08-30 14:33:31,034 [Worker-55] WARN  o.e.m.c.i.embedder.EclipseLogger - Using platform encoding (Cp1252 actually) to copy filtered resources, i.e. build is platform dependent!
2018-08-30 14:33:31,034 [Worker-55] INFO  o.e.m.c.i.embedder.EclipseLogger - Copying 0 resource
2018-08-30 14:33:37,116 [Worker-50] WARN  o.e.m.c.i.embedder.EclipseLogger - Using platform encoding (Cp1252 actually) to copy filtered resources, i.e. build is platform dependent!
2018-08-30 14:33:37,117 [Worker-50] INFO  o.e.m.c.i.embedder.EclipseLogger - Copying 0 resource
2018-08-30 14:33:37,118 [Worker-50] WARN  o.e.m.c.i.embedder.EclipseLogger - Using platform encoding (Cp1252 actually) to copy filtered resources, i.e. build is platform dependent!
2018-08-30 14:33:37,119 [Worker-50] INFO  o.e.m.c.i.embedder.EclipseLogger - Copying 0 resource
2018-08-30 14:35:03,311 [Worker-47] WARN  o.e.m.c.i.embedder.EclipseLogger - Using platform encoding (Cp1252 actually) to copy filtered resources, i.e. build is platform dependent!
2018-08-30 14:35:03,312 [Worker-47] INFO  o.e.m.c.i.embedder.EclipseLogger - Copying 0 resource
2018-08-30 14:35:03,313 [Worker-47] WARN  o.e.m.c.i.embedder.EclipseLogger - Using platform encoding (Cp1252 actually) to copy filtered resources, i.e. build is platform dependent!
2018-08-30 14:35:03,313 [Worker-47] INFO  o.e.m.c.i.embedder.EclipseLogger - Copying 0 resource
2018-08-30 14:35:16,320 [Worker-52] WARN  o.e.m.c.i.embedder.EclipseLogger - Using platform encoding (Cp1252 actually) to copy filtered resources, i.e. build is platform dependent!
2018-08-30 14:35:16,321 [Worker-52] INFO  o.e.m.c.i.embedder.EclipseLogger - Copying 0 resource
2018-08-30 14:35:16,323 [Worker-52] WARN  o.e.m.c.i.embedder.EclipseLogger - Using platform encoding (Cp1252 actually) to copy filtered resources, i.e. build is platform dependent!
2018-08-30 14:35:16,324 [Worker-52] INFO  o.e.m.c.i.embedder.EclipseLogger - Copying 0 resource
2018-08-30 14:36:03,308 [Worker-52] WARN  o.e.m.c.i.embedder.EclipseLogger - Using platform encoding (Cp1252 actually) to copy filtered resources, i.e. build is platform dependent!
2018-08-30 14:36:03,309 [Worker-52] INFO  o.e.m.c.i.embedder.EclipseLogger - Copying 0 resource
2018-08-30 14:36:03,309 [Worker-52] WARN  o.e.m.c.i.embedder.EclipseLogger - Using platform encoding (Cp1252 actually) to copy filtered resources, i.e. build is platform dependent!
2018-08-30 14:36:03,310 [Worker-52] INFO  o.e.m.c.i.embedder.EclipseLogger - Copying 0 resource
2018-08-30 14:36:19,979 [Worker-49] WARN  o.e.m.c.i.embedder.EclipseLogger - Using platform encoding (Cp1252 actually) to copy filtered resources, i.e. build is platform dependent!
2018-08-30 14:36:19,980 [Worker-49] INFO  o.e.m.c.i.embedder.EclipseLogger - Copying 0 resource
2018-08-30 14:36:19,981 [Worker-49] WARN  o.e.m.c.i.embedder.EclipseLogger - Using platform encoding (Cp1252 actually) to copy filtered resources, i.e. build is platform dependent!
2018-08-30 14:36:19,982 [Worker-49] INFO  o.e.m.c.i.embedder.EclipseLogger - Copying 0 resource
2018-08-30 14:36:28,731 [Worker-55] WARN  o.e.m.c.i.embedder.EclipseLogger - Using platform encoding (Cp1252 actually) to copy filtered resources, i.e. build is platform dependent!
2018-08-30 14:36:28,732 [Worker-55] INFO  o.e.m.c.i.embedder.EclipseLogger - Copying 0 resource
2018-08-30 14:36:28,733 [Worker-55] WARN  o.e.m.c.i.embedder.EclipseLogger - Using platform encoding (Cp1252 actually) to copy filtered resources, i.e. build is platform dependent!
2018-08-30 14:36:28,734 [Worker-55] INFO  o.e.m.c.i.embedder.EclipseLogger - Copying 0 resource
2018-08-30 14:37:30,421 [Worker-49] WARN  o.e.m.c.i.embedder.EclipseLogger - Using platform encoding (Cp1252 actually) to copy filtered resources, i.e. build is platform dependent!
2018-08-30 14:37:30,422 [Worker-49] INFO  o.e.m.c.i.embedder.EclipseLogger - Copying 0 resource
2018-08-30 14:37:30,424 [Worker-49] WARN  o.e.m.c.i.embedder.EclipseLogger - Using platform encoding (Cp1252 actually) to copy filtered resources, i.e. build is platform dependent!
2018-08-30 14:37:30,425 [Worker-49] INFO  o.e.m.c.i.embedder.EclipseLogger - Copying 0 resource
2018-08-30 14:38:11,707 [Worker-47] WARN  o.e.m.c.i.embedder.EclipseLogger - Using platform encoding (Cp1252 actually) to copy filtered resources, i.e. build is platform dependent!
2018-08-30 14:38:11,708 [Worker-47] INFO  o.e.m.c.i.embedder.EclipseLogger - Copying 0 resource
2018-08-30 14:38:11,709 [Worker-47] WARN  o.e.m.c.i.embedder.EclipseLogger - Using platform encoding (Cp1252 actually) to copy filtered resources, i.e. build is platform dependent!
2018-08-30 14:38:11,710 [Worker-47] INFO  o.e.m.c.i.embedder.EclipseLogger - Copying 0 resource
2018-08-30 14:38:24,430 [Worker-54] WARN  o.e.m.c.i.embedder.EclipseLogger - Using platform encoding (Cp1252 actually) to copy filtered resources, i.e. build is platform dependent!
2018-08-30 14:38:24,430 [Worker-54] INFO  o.e.m.c.i.embedder.EclipseLogger - Copying 0 resource
2018-08-30 14:38:24,432 [Worker-54] WARN  o.e.m.c.i.embedder.EclipseLogger - Using platform encoding (Cp1252 actually) to copy filtered resources, i.e. build is platform dependent!
2018-08-30 14:38:24,432 [Worker-54] INFO  o.e.m.c.i.embedder.EclipseLogger - Copying 0 resource
2018-08-30 14:38:29,100 [Worker-40] WARN  o.e.m.c.i.embedder.EclipseLogger - Using platform encoding (Cp1252 actually) to copy filtered resources, i.e. build is platform dependent!
2018-08-30 14:38:29,101 [Worker-40] INFO  o.e.m.c.i.embedder.EclipseLogger - Copying 0 resource
2018-08-30 14:38:29,102 [Worker-40] WARN  o.e.m.c.i.embedder.EclipseLogger - Using platform encoding (Cp1252 actually) to copy filtered resources, i.e. build is platform dependent!
2018-08-30 14:38:29,102 [Worker-40] INFO  o.e.m.c.i.embedder.EclipseLogger - Copying 0 resource
2018-08-30 14:38:58,947 [Worker-48] WARN  o.e.m.c.i.embedder.EclipseLogger - Using platform encoding (Cp1252 actually) to copy filtered resources, i.e. build is platform dependent!
2018-08-30 14:38:58,948 [Worker-48] INFO  o.e.m.c.i.embedder.EclipseLogger - Copying 0 resource
2018-08-30 14:38:58,950 [Worker-48] WARN  o.e.m.c.i.embedder.EclipseLogger - Using platform encoding (Cp1252 actually) to copy filtered resources, i.e. build is platform dependent!
2018-08-30 14:38:58,951 [Worker-48] INFO  o.e.m.c.i.embedder.EclipseLogger - Copying 0 resource
2018-08-30 14:39:21,960 [Worker-48] WARN  o.e.m.c.i.embedder.EclipseLogger - Using platform encoding (Cp1252 actually) to copy filtered resources, i.e. build is platform dependent!
2018-08-30 14:39:21,960 [Worker-48] INFO  o.e.m.c.i.embedder.EclipseLogger - Copying 0 resource
2018-08-30 14:39:21,961 [Worker-48] WARN  o.e.m.c.i.embedder.EclipseLogger - Using platform encoding (Cp1252 actually) to copy filtered resources, i.e. build is platform dependent!
2018-08-30 14:39:21,961 [Worker-48] INFO  o.e.m.c.i.embedder.EclipseLogger - Copying 0 resource
2018-08-30 14:39:27,296 [Worker-48] WARN  o.e.m.c.i.embedder.EclipseLogger - Using platform encoding (Cp1252 actually) to copy filtered resources, i.e. build is platform dependent!
2018-08-30 14:39:27,297 [Worker-48] INFO  o.e.m.c.i.embedder.EclipseLogger - Copying 0 resource
2018-08-30 14:39:27,297 [Worker-48] WARN  o.e.m.c.i.embedder.EclipseLogger - Using platform encoding (Cp1252 actually) to copy filtered resources, i.e. build is platform dependent!
2018-08-30 14:39:27,298 [Worker-48] INFO  o.e.m.c.i.embedder.EclipseLogger - Copying 0 resource
2018-08-30 14:40:19,107 [Worker-58] WARN  o.e.m.c.i.embedder.EclipseLogger - Using platform encoding (Cp1252 actually) to copy filtered resources, i.e. build is platform dependent!
2018-08-30 14:40:19,108 [Worker-58] INFO  o.e.m.c.i.embedder.EclipseLogger - Copying 0 resource
2018-08-30 14:40:19,108 [Worker-58] WARN  o.e.m.c.i.embedder.EclipseLogger - Using platform encoding (Cp1252 actually) to copy filtered resources, i.e. build is platform dependent!
2018-08-30 14:40:19,109 [Worker-58] INFO  o.e.m.c.i.embedder.EclipseLogger - Copying 0 resource
2018-08-30 14:40:40,367 [Worker-50] WARN  o.e.m.c.i.embedder.EclipseLogger - Using platform encoding (Cp1252 actually) to copy filtered resources, i.e. build is platform dependent!
2018-08-30 14:40:40,368 [Worker-50] INFO  o.e.m.c.i.embedder.EclipseLogger - Copying 0 resource
2018-08-30 14:40:40,369 [Worker-50] WARN  o.e.m.c.i.embedder.EclipseLogger - Using platform encoding (Cp1252 actually) to copy filtered resources, i.e. build is platform dependent!
2018-08-30 14:40:40,370 [Worker-50] INFO  o.e.m.c.i.embedder.EclipseLogger - Copying 0 resource
2018-08-30 14:40:50,372 [Worker-40] WARN  o.e.m.c.i.embedder.EclipseLogger - Using platform encoding (Cp1252 actually) to copy filtered resources, i.e. build is platform dependent!
2018-08-30 14:40:50,373 [Worker-40] INFO  o.e.m.c.i.embedder.EclipseLogger - Copying 0 resource
2018-08-30 14:40:50,374 [Worker-40] WARN  o.e.m.c.i.embedder.EclipseLogger - Using platform encoding (Cp1252 actually) to copy filtered resources, i.e. build is platform dependent!
2018-08-30 14:40:50,375 [Worker-40] INFO  o.e.m.c.i.embedder.EclipseLogger - Copying 0 resource
2018-08-30 14:40:53,819 [Worker-54] WARN  o.e.m.c.i.embedder.EclipseLogger - Using platform encoding (Cp1252 actually) to copy filtered resources, i.e. build is platform dependent!
2018-08-30 14:40:53,819 [Worker-54] INFO  o.e.m.c.i.embedder.EclipseLogger - Copying 0 resource
2018-08-30 14:40:53,820 [Worker-54] WARN  o.e.m.c.i.embedder.EclipseLogger - Using platform encoding (Cp1252 actually) to copy filtered resources, i.e. build is platform dependent!
2018-08-30 14:40:53,820 [Worker-54] INFO  o.e.m.c.i.embedder.EclipseLogger - Copying 0 resource
2018-08-30 14:41:06,654 [Worker-40] WARN  o.e.m.c.i.embedder.EclipseLogger - Using platform encoding (Cp1252 actually) to copy filtered resources, i.e. build is platform dependent!
2018-08-30 14:41:06,656 [Worker-40] INFO  o.e.m.c.i.embedder.EclipseLogger - Copying 0 resource
2018-08-30 14:41:06,657 [Worker-40] WARN  o.e.m.c.i.embedder.EclipseLogger - Using platform encoding (Cp1252 actually) to copy filtered resources, i.e. build is platform dependent!
2018-08-30 14:41:06,657 [Worker-40] INFO  o.e.m.c.i.embedder.EclipseLogger - Copying 0 resource
2018-08-30 14:41:46,834 [Worker-53] WARN  o.e.m.c.i.embedder.EclipseLogger - Using platform encoding (Cp1252 actually) to copy filtered resources, i.e. build is platform dependent!
2018-08-30 14:41:46,835 [Worker-53] INFO  o.e.m.c.i.embedder.EclipseLogger - Copying 0 resource
2018-08-30 14:41:46,838 [Worker-53] WARN  o.e.m.c.i.embedder.EclipseLogger - Using platform encoding (Cp1252 actually) to copy filtered resources, i.e. build is platform dependent!
2018-08-30 14:41:46,839 [Worker-53] INFO  o.e.m.c.i.embedder.EclipseLogger - Copying 0 resource
2018-08-30 14:41:52,337 [Worker-55] WARN  o.e.m.c.i.embedder.EclipseLogger - Using platform encoding (Cp1252 actually) to copy filtered resources, i.e. build is platform dependent!
2018-08-30 14:41:52,337 [Worker-55] INFO  o.e.m.c.i.embedder.EclipseLogger - Copying 0 resource
2018-08-30 14:41:52,338 [Worker-55] WARN  o.e.m.c.i.embedder.EclipseLogger - Using platform encoding (Cp1252 actually) to copy filtered resources, i.e. build is platform dependent!
2018-08-30 14:41:52,338 [Worker-55] INFO  o.e.m.c.i.embedder.EclipseLogger - Copying 0 resource
2018-08-30 14:42:14,809 [Worker-52] WARN  o.e.m.c.i.embedder.EclipseLogger - Using platform encoding (Cp1252 actually) to copy filtered resources, i.e. build is platform dependent!
2018-08-30 14:42:14,810 [Worker-52] INFO  o.e.m.c.i.embedder.EclipseLogger - Copying 0 resource
2018-08-30 14:42:14,811 [Worker-52] WARN  o.e.m.c.i.embedder.EclipseLogger - Using platform encoding (Cp1252 actually) to copy filtered resources, i.e. build is platform dependent!
2018-08-30 14:42:14,812 [Worker-52] INFO  o.e.m.c.i.embedder.EclipseLogger - Copying 0 resource
2018-08-30 14:42:35,104 [Worker-49] WARN  o.e.m.c.i.embedder.EclipseLogger - Using platform encoding (Cp1252 actually) to copy filtered resources, i.e. build is platform dependent!
2018-08-30 14:42:35,105 [Worker-49] INFO  o.e.m.c.i.embedder.EclipseLogger - Copying 0 resource
2018-08-30 14:42:35,106 [Worker-49] WARN  o.e.m.c.i.embedder.EclipseLogger - Using platform encoding (Cp1252 actually) to copy filtered resources, i.e. build is platform dependent!
2018-08-30 14:42:35,106 [Worker-49] INFO  o.e.m.c.i.embedder.EclipseLogger - Copying 0 resource
2018-08-30 14:42:46,243 [Worker-48] WARN  o.e.m.c.i.embedder.EclipseLogger - Using platform encoding (Cp1252 actually) to copy filtered resources, i.e. build is platform dependent!
2018-08-30 14:42:46,244 [Worker-48] INFO  o.e.m.c.i.embedder.EclipseLogger - Copying 0 resource
2018-08-30 14:42:46,245 [Worker-48] WARN  o.e.m.c.i.embedder.EclipseLogger - Using platform encoding (Cp1252 actually) to copy filtered resources, i.e. build is platform dependent!
2018-08-30 14:42:46,246 [Worker-48] INFO  o.e.m.c.i.embedder.EclipseLogger - Copying 0 resource
2018-08-30 14:43:30,915 [Worker-55] WARN  o.e.m.c.i.embedder.EclipseLogger - Using platform encoding (Cp1252 actually) to copy filtered resources, i.e. build is platform dependent!
2018-08-30 14:43:30,916 [Worker-55] INFO  o.e.m.c.i.embedder.EclipseLogger - Copying 0 resource
2018-08-30 14:43:30,917 [Worker-55] WARN  o.e.m.c.i.embedder.EclipseLogger - Using platform encoding (Cp1252 actually) to copy filtered resources, i.e. build is platform dependent!
2018-08-30 14:43:30,917 [Worker-55] INFO  o.e.m.c.i.embedder.EclipseLogger - Copying 0 resource
2018-08-30 14:43:48,656 [Worker-51] WARN  o.e.m.c.i.embedder.EclipseLogger - Using platform encoding (Cp1252 actually) to copy filtered resources, i.e. build is platform dependent!
2018-08-30 14:43:48,657 [Worker-51] INFO  o.e.m.c.i.embedder.EclipseLogger - Copying 0 resource
2018-08-30 14:43:48,658 [Worker-51] WARN  o.e.m.c.i.embedder.EclipseLogger - Using platform encoding (Cp1252 actually) to copy filtered resources, i.e. build is platform dependent!
2018-08-30 14:43:48,659 [Worker-51] INFO  o.e.m.c.i.embedder.EclipseLogger - Copying 0 resource
2018-08-30 14:51:17,254 [Worker-55] WARN  o.e.m.c.i.embedder.EclipseLogger - Using platform encoding (Cp1252 actually) to copy filtered resources, i.e. build is platform dependent!
2018-08-30 14:51:17,255 [Worker-55] INFO  o.e.m.c.i.embedder.EclipseLogger - Copying 0 resource
2018-08-30 14:51:17,255 [Worker-55] WARN  o.e.m.c.i.embedder.EclipseLogger - Using platform encoding (Cp1252 actually) to copy filtered resources, i.e. build is platform dependent!
2018-08-30 14:51:17,256 [Worker-55] INFO  o.e.m.c.i.embedder.EclipseLogger - Copying 0 resource
2018-08-30 14:51:18,374 [Worker-61] WARN  o.e.m.c.i.embedder.EclipseLogger - Using platform encoding (Cp1252 actually) to copy filtered resources, i.e. build is platform dependent!
2018-08-30 14:51:18,375 [Worker-61] INFO  o.e.m.c.i.embedder.EclipseLogger - Copying 0 resource
2018-08-30 14:51:18,376 [Worker-61] WARN  o.e.m.c.i.embedder.EclipseLogger - Using platform encoding (Cp1252 actually) to copy filtered resources, i.e. build is platform dependent!
2018-08-30 14:51:18,377 [Worker-61] INFO  o.e.m.c.i.embedder.EclipseLogger - Copying 0 resource
2018-08-30 14:52:43,219 [Worker-63] WARN  o.e.m.c.i.embedder.EclipseLogger - Using platform encoding (Cp1252 actually) to copy filtered resources, i.e. build is platform dependent!
2018-08-30 14:52:43,221 [Worker-63] INFO  o.e.m.c.i.embedder.EclipseLogger - Copying 0 resource
2018-08-30 14:52:43,222 [Worker-63] WARN  o.e.m.c.i.embedder.EclipseLogger - Using platform encoding (Cp1252 actually) to copy filtered resources, i.e. build is platform dependent!
2018-08-30 14:52:43,222 [Worker-63] INFO  o.e.m.c.i.embedder.EclipseLogger - Copying 0 resource
2018-08-30 14:55:40,823 [Worker-64] WARN  o.e.m.c.i.embedder.EclipseLogger - Using platform encoding (Cp1252 actually) to copy filtered resources, i.e. build is platform dependent!
2018-08-30 14:55:40,824 [Worker-64] INFO  o.e.m.c.i.embedder.EclipseLogger - Copying 0 resource
2018-08-30 14:55:40,825 [Worker-64] WARN  o.e.m.c.i.embedder.EclipseLogger - Using platform encoding (Cp1252 actually) to copy filtered resources, i.e. build is platform dependent!
2018-08-30 14:55:40,825 [Worker-64] INFO  o.e.m.c.i.embedder.EclipseLogger - Copying 0 resource
2018-08-30 15:00:58,813 [Worker-64] WARN  o.e.m.c.i.embedder.EclipseLogger - Using platform encoding (Cp1252 actually) to copy filtered resources, i.e. build is platform dependent!
2018-08-30 15:00:58,814 [Worker-64] INFO  o.e.m.c.i.embedder.EclipseLogger - Copying 0 resource
2018-08-30 15:00:58,815 [Worker-64] WARN  o.e.m.c.i.embedder.EclipseLogger - Using platform encoding (Cp1252 actually) to copy filtered resources, i.e. build is platform dependent!
2018-08-30 15:00:58,815 [Worker-64] INFO  o.e.m.c.i.embedder.EclipseLogger - Copying 0 resource
2018-08-30 15:01:32,588 [Worker-40] WARN  o.e.m.c.i.embedder.EclipseLogger - Using platform encoding (Cp1252 actually) to copy filtered resources, i.e. build is platform dependent!
2018-08-30 15:01:32,589 [Worker-40] INFO  o.e.m.c.i.embedder.EclipseLogger - Copying 0 resource
2018-08-30 15:01:32,590 [Worker-40] WARN  o.e.m.c.i.embedder.EclipseLogger - Using platform encoding (Cp1252 actually) to copy filtered resources, i.e. build is platform dependent!
2018-08-30 15:01:32,590 [Worker-40] INFO  o.e.m.c.i.embedder.EclipseLogger - Copying 0 resource
2018-08-30 15:02:42,688 [Worker-64] WARN  o.e.m.c.i.embedder.EclipseLogger - Using platform encoding (Cp1252 actually) to copy filtered resources, i.e. build is platform dependent!
2018-08-30 15:02:42,900 [Worker-64] INFO  o.e.m.c.i.embedder.EclipseLogger - Copying 0 resource
2018-08-30 15:02:42,901 [Worker-64] WARN  o.e.m.c.i.embedder.EclipseLogger - Using platform encoding (Cp1252 actually) to copy filtered resources, i.e. build is platform dependent!
2018-08-30 15:02:42,901 [Worker-64] INFO  o.e.m.c.i.embedder.EclipseLogger - Copying 0 resource
2018-08-30 15:04:15,311 [Worker-66] WARN  o.e.m.c.i.embedder.EclipseLogger - Using platform encoding (Cp1252 actually) to copy filtered resources, i.e. build is platform dependent!
2018-08-30 15:04:15,311 [Worker-66] INFO  o.e.m.c.i.embedder.EclipseLogger - Copying 0 resource
2018-08-30 15:04:15,312 [Worker-66] WARN  o.e.m.c.i.embedder.EclipseLogger - Using platform encoding (Cp1252 actually) to copy filtered resources, i.e. build is platform dependent!
2018-08-30 15:04:15,312 [Worker-66] INFO  o.e.m.c.i.embedder.EclipseLogger - Copying 0 resource
2018-08-30 15:04:42,281 [Worker-53] WARN  o.e.m.c.i.embedder.EclipseLogger - Using platform encoding (Cp1252 actually) to copy filtered resources, i.e. build is platform dependent!
2018-08-30 15:04:42,281 [Worker-53] INFO  o.e.m.c.i.embedder.EclipseLogger - Copying 0 resource
2018-08-30 15:04:42,282 [Worker-53] WARN  o.e.m.c.i.embedder.EclipseLogger - Using platform encoding (Cp1252 actually) to copy filtered resources, i.e. build is platform dependent!
2018-08-30 15:04:42,283 [Worker-53] INFO  o.e.m.c.i.embedder.EclipseLogger - Copying 0 resource
2018-08-30 15:05:15,334 [Worker-53] WARN  o.e.m.c.i.embedder.EclipseLogger - Using platform encoding (Cp1252 actually) to copy filtered resources, i.e. build is platform dependent!
2018-08-30 15:05:15,335 [Worker-53] INFO  o.e.m.c.i.embedder.EclipseLogger - Copying 0 resource
2018-08-30 15:05:15,336 [Worker-53] WARN  o.e.m.c.i.embedder.EclipseLogger - Using platform encoding (Cp1252 actually) to copy filtered resources, i.e. build is platform dependent!
2018-08-30 15:05:15,337 [Worker-53] INFO  o.e.m.c.i.embedder.EclipseLogger - Copying 0 resource
2018-08-30 15:06:10,438 [Worker-65] WARN  o.e.m.c.i.embedder.EclipseLogger - Using platform encoding (Cp1252 actually) to copy filtered resources, i.e. build is platform dependent!
2018-08-30 15:06:10,439 [Worker-65] INFO  o.e.m.c.i.embedder.EclipseLogger - Copying 0 resource
2018-08-30 15:06:10,440 [Worker-65] WARN  o.e.m.c.i.embedder.EclipseLogger - Using platform encoding (Cp1252 actually) to copy filtered resources, i.e. build is platform dependent!
2018-08-30 15:06:10,441 [Worker-65] INFO  o.e.m.c.i.embedder.EclipseLogger - Copying 0 resource
2018-08-30 15:06:41,378 [Worker-62] WARN  o.e.m.c.i.embedder.EclipseLogger - Using platform encoding (Cp1252 actually) to copy filtered resources, i.e. build is platform dependent!
2018-08-30 15:06:41,379 [Worker-62] INFO  o.e.m.c.i.embedder.EclipseLogger - Copying 0 resource
2018-08-30 15:06:41,379 [Worker-62] WARN  o.e.m.c.i.embedder.EclipseLogger - Using platform encoding (Cp1252 actually) to copy filtered resources, i.e. build is platform dependent!
2018-08-30 15:06:41,380 [Worker-62] INFO  o.e.m.c.i.embedder.EclipseLogger - Copying 0 resource
2018-08-30 15:07:00,998 [Worker-71] WARN  o.e.m.c.i.embedder.EclipseLogger - Using platform encoding (Cp1252 actually) to copy filtered resources, i.e. build is platform dependent!
2018-08-30 15:07:00,999 [Worker-71] INFO  o.e.m.c.i.embedder.EclipseLogger - Copying 0 resource
2018-08-30 15:07:01,000 [Worker-71] WARN  o.e.m.c.i.embedder.EclipseLogger - Using platform encoding (Cp1252 actually) to copy filtered resources, i.e. build is platform dependent!
2018-08-30 15:07:01,000 [Worker-71] INFO  o.e.m.c.i.embedder.EclipseLogger - Copying 0 resource
2018-08-30 15:07:41,721 [Worker-64] WARN  o.e.m.c.i.embedder.EclipseLogger - Using platform encoding (Cp1252 actually) to copy filtered resources, i.e. build is platform dependent!
2018-08-30 15:07:41,722 [Worker-64] INFO  o.e.m.c.i.embedder.EclipseLogger - Copying 0 resource
2018-08-30 15:07:41,723 [Worker-64] WARN  o.e.m.c.i.embedder.EclipseLogger - Using platform encoding (Cp1252 actually) to copy filtered resources, i.e. build is platform dependent!
2018-08-30 15:07:41,723 [Worker-64] INFO  o.e.m.c.i.embedder.EclipseLogger - Copying 0 resource
2018-08-30 15:07:46,592 [Worker-64] WARN  o.e.m.c.i.embedder.EclipseLogger - Using platform encoding (Cp1252 actually) to copy filtered resources, i.e. build is platform dependent!
2018-08-30 15:07:46,593 [Worker-64] INFO  o.e.m.c.i.embedder.EclipseLogger - Copying 0 resource
2018-08-30 15:07:46,593 [Worker-64] WARN  o.e.m.c.i.embedder.EclipseLogger - Using platform encoding (Cp1252 actually) to copy filtered resources, i.e. build is platform dependent!
2018-08-30 15:07:46,594 [Worker-64] INFO  o.e.m.c.i.embedder.EclipseLogger - Copying 0 resource
2018-08-30 15:08:19,134 [Worker-62] WARN  o.e.m.c.i.embedder.EclipseLogger - Using platform encoding (Cp1252 actually) to copy filtered resources, i.e. build is platform dependent!
2018-08-30 15:08:19,135 [Worker-62] INFO  o.e.m.c.i.embedder.EclipseLogger - Copying 0 resource
2018-08-30 15:08:19,135 [Worker-62] WARN  o.e.m.c.i.embedder.EclipseLogger - Using platform encoding (Cp1252 actually) to copy filtered resources, i.e. build is platform dependent!
2018-08-30 15:08:19,136 [Worker-62] INFO  o.e.m.c.i.embedder.EclipseLogger - Copying 0 resource
2018-08-30 15:09:27,205 [Worker-70] WARN  o.e.m.c.i.embedder.EclipseLogger - Using platform encoding (Cp1252 actually) to copy filtered resources, i.e. build is platform dependent!
2018-08-30 15:09:27,207 [Worker-70] INFO  o.e.m.c.i.embedder.EclipseLogger - Copying 0 resource
2018-08-30 15:09:27,208 [Worker-70] WARN  o.e.m.c.i.embedder.EclipseLogger - Using platform encoding (Cp1252 actually) to copy filtered resources, i.e. build is platform dependent!
2018-08-30 15:09:27,209 [Worker-70] INFO  o.e.m.c.i.embedder.EclipseLogger - Copying 0 resource
2018-08-30 15:10:52,348 [Worker-53] WARN  o.e.m.c.i.embedder.EclipseLogger - Using platform encoding (Cp1252 actually) to copy filtered resources, i.e. build is platform dependent!
2018-08-30 15:10:52,349 [Worker-53] INFO  o.e.m.c.i.embedder.EclipseLogger - Copying 0 resource
2018-08-30 15:10:52,350 [Worker-53] WARN  o.e.m.c.i.embedder.EclipseLogger - Using platform encoding (Cp1252 actually) to copy filtered resources, i.e. build is platform dependent!
2018-08-30 15:10:52,351 [Worker-53] INFO  o.e.m.c.i.embedder.EclipseLogger - Copying 0 resource
2018-08-30 15:20:30,616 [Worker-53] WARN  o.e.m.c.i.embedder.EclipseLogger - Using platform encoding (Cp1252 actually) to copy filtered resources, i.e. build is platform dependent!
2018-08-30 15:20:30,617 [Worker-53] INFO  o.e.m.c.i.embedder.EclipseLogger - Copying 0 resource
2018-08-30 15:20:30,617 [Worker-53] WARN  o.e.m.c.i.embedder.EclipseLogger - Using platform encoding (Cp1252 actually) to copy filtered resources, i.e. build is platform dependent!
2018-08-30 15:20:30,618 [Worker-53] INFO  o.e.m.c.i.embedder.EclipseLogger - Copying 0 resource
2018-08-30 15:24:06,550 [Worker-72] WARN  o.e.m.c.i.embedder.EclipseLogger - Using platform encoding (Cp1252 actually) to copy filtered resources, i.e. build is platform dependent!
2018-08-30 15:24:06,551 [Worker-72] INFO  o.e.m.c.i.embedder.EclipseLogger - Copying 0 resource
2018-08-30 15:24:06,552 [Worker-72] WARN  o.e.m.c.i.embedder.EclipseLogger - Using platform encoding (Cp1252 actually) to copy filtered resources, i.e. build is platform dependent!
2018-08-30 15:24:06,552 [Worker-72] INFO  o.e.m.c.i.embedder.EclipseLogger - Copying 0 resource
2018-08-30 15:24:22,128 [Worker-53] WARN  o.e.m.c.i.embedder.EclipseLogger - Using platform encoding (Cp1252 actually) to copy filtered resources, i.e. build is platform dependent!
2018-08-30 15:24:22,128 [Worker-53] INFO  o.e.m.c.i.embedder.EclipseLogger - Copying 0 resource
2018-08-30 15:24:22,129 [Worker-53] WARN  o.e.m.c.i.embedder.EclipseLogger - Using platform encoding (Cp1252 actually) to copy filtered resources, i.e. build is platform dependent!
2018-08-30 15:24:22,130 [Worker-53] INFO  o.e.m.c.i.embedder.EclipseLogger - Copying 0 resource
2018-08-30 15:24:31,156 [Worker-66] WARN  o.e.m.c.i.embedder.EclipseLogger - Using platform encoding (Cp1252 actually) to copy filtered resources, i.e. build is platform dependent!
2018-08-30 15:24:31,157 [Worker-66] INFO  o.e.m.c.i.embedder.EclipseLogger - Copying 0 resource
2018-08-30 15:24:31,158 [Worker-66] WARN  o.e.m.c.i.embedder.EclipseLogger - Using platform encoding (Cp1252 actually) to copy filtered resources, i.e. build is platform dependent!
2018-08-30 15:24:31,158 [Worker-66] INFO  o.e.m.c.i.embedder.EclipseLogger - Copying 0 resource
2018-08-30 15:24:47,233 [Worker-74] WARN  o.e.m.c.i.embedder.EclipseLogger - Using platform encoding (Cp1252 actually) to copy filtered resources, i.e. build is platform dependent!
2018-08-30 15:24:47,234 [Worker-74] INFO  o.e.m.c.i.embedder.EclipseLogger - Copying 0 resource
2018-08-30 15:24:47,235 [Worker-74] WARN  o.e.m.c.i.embedder.EclipseLogger - Using platform encoding (Cp1252 actually) to copy filtered resources, i.e. build is platform dependent!
2018-08-30 15:24:47,236 [Worker-74] INFO  o.e.m.c.i.embedder.EclipseLogger - Copying 0 resource
2018-08-30 15:24:54,168 [Worker-78] WARN  o.e.m.c.i.embedder.EclipseLogger - Using platform encoding (Cp1252 actually) to copy filtered resources, i.e. build is platform dependent!
2018-08-30 15:24:54,169 [Worker-78] INFO  o.e.m.c.i.embedder.EclipseLogger - Copying 0 resource
2018-08-30 15:24:54,170 [Worker-78] WARN  o.e.m.c.i.embedder.EclipseLogger - Using platform encoding (Cp1252 actually) to copy filtered resources, i.e. build is platform dependent!
2018-08-30 15:24:54,170 [Worker-78] INFO  o.e.m.c.i.embedder.EclipseLogger - Copying 0 resource
2018-08-30 15:25:16,856 [Worker-69] WARN  o.e.m.c.i.embedder.EclipseLogger - Using platform encoding (Cp1252 actually) to copy filtered resources, i.e. build is platform dependent!
2018-08-30 15:25:16,858 [Worker-69] INFO  o.e.m.c.i.embedder.EclipseLogger - Copying 0 resource
2018-08-30 15:25:16,858 [Worker-69] WARN  o.e.m.c.i.embedder.EclipseLogger - Using platform encoding (Cp1252 actually) to copy filtered resources, i.e. build is platform dependent!
2018-08-30 15:25:16,859 [Worker-69] INFO  o.e.m.c.i.embedder.EclipseLogger - Copying 0 resource
2018-08-30 15:25:20,384 [Worker-77] WARN  o.e.m.c.i.embedder.EclipseLogger - Using platform encoding (Cp1252 actually) to copy filtered resources, i.e. build is platform dependent!
2018-08-30 15:25:20,385 [Worker-77] INFO  o.e.m.c.i.embedder.EclipseLogger - Copying 0 resource
2018-08-30 15:25:20,386 [Worker-77] WARN  o.e.m.c.i.embedder.EclipseLogger - Using platform encoding (Cp1252 actually) to copy filtered resources, i.e. build is platform dependent!
2018-08-30 15:25:20,387 [Worker-77] INFO  o.e.m.c.i.embedder.EclipseLogger - Copying 0 resource
2018-08-30 15:25:50,854 [Worker-79] WARN  o.e.m.c.i.embedder.EclipseLogger - Using platform encoding (Cp1252 actually) to copy filtered resources, i.e. build is platform dependent!
2018-08-30 15:25:50,855 [Worker-79] INFO  o.e.m.c.i.embedder.EclipseLogger - Copying 0 resource
2018-08-30 15:25:50,856 [Worker-79] WARN  o.e.m.c.i.embedder.EclipseLogger - Using platform encoding (Cp1252 actually) to copy filtered resources, i.e. build is platform dependent!
2018-08-30 15:25:50,857 [Worker-79] INFO  o.e.m.c.i.embedder.EclipseLogger - Copying 0 resource
2018-08-30 15:26:06,888 [Worker-66] WARN  o.e.m.c.i.embedder.EclipseLogger - Using platform encoding (Cp1252 actually) to copy filtered resources, i.e. build is platform dependent!
2018-08-30 15:26:06,888 [Worker-66] INFO  o.e.m.c.i.embedder.EclipseLogger - Copying 0 resource
2018-08-30 15:26:06,889 [Worker-66] WARN  o.e.m.c.i.embedder.EclipseLogger - Using platform encoding (Cp1252 actually) to copy filtered resources, i.e. build is platform dependent!
2018-08-30 15:26:06,889 [Worker-66] INFO  o.e.m.c.i.embedder.EclipseLogger - Copying 0 resource
2018-08-30 15:26:12,730 [Worker-76] WARN  o.e.m.c.i.embedder.EclipseLogger - Using platform encoding (Cp1252 actually) to copy filtered resources, i.e. build is platform dependent!
2018-08-30 15:26:12,731 [Worker-76] INFO  o.e.m.c.i.embedder.EclipseLogger - Copying 0 resource
2018-08-30 15:26:12,731 [Worker-76] WARN  o.e.m.c.i.embedder.EclipseLogger - Using platform encoding (Cp1252 actually) to copy filtered resources, i.e. build is platform dependent!
2018-08-30 15:26:12,732 [Worker-76] INFO  o.e.m.c.i.embedder.EclipseLogger - Copying 0 resource
2018-08-30 15:26:29,646 [Worker-53] WARN  o.e.m.c.i.embedder.EclipseLogger - Using platform encoding (Cp1252 actually) to copy filtered resources, i.e. build is platform dependent!
2018-08-30 15:26:29,646 [Worker-53] INFO  o.e.m.c.i.embedder.EclipseLogger - Copying 0 resource
2018-08-30 15:26:29,648 [Worker-53] WARN  o.e.m.c.i.embedder.EclipseLogger - Using platform encoding (Cp1252 actually) to copy filtered resources, i.e. build is platform dependent!
2018-08-30 15:26:29,648 [Worker-53] INFO  o.e.m.c.i.embedder.EclipseLogger - Copying 0 resource
2018-08-30 15:26:34,961 [Worker-74] WARN  o.e.m.c.i.embedder.EclipseLogger - Using platform encoding (Cp1252 actually) to copy filtered resources, i.e. build is platform dependent!
2018-08-30 15:26:34,962 [Worker-74] INFO  o.e.m.c.i.embedder.EclipseLogger - Copying 0 resource
2018-08-30 15:26:34,962 [Worker-74] WARN  o.e.m.c.i.embedder.EclipseLogger - Using platform encoding (Cp1252 actually) to copy filtered resources, i.e. build is platform dependent!
2018-08-30 15:26:34,963 [Worker-74] INFO  o.e.m.c.i.embedder.EclipseLogger - Copying 0 resource
2018-08-30 15:27:50,093 [Worker-74] WARN  o.e.m.c.i.embedder.EclipseLogger - Using platform encoding (Cp1252 actually) to copy filtered resources, i.e. build is platform dependent!
2018-08-30 15:27:50,094 [Worker-74] INFO  o.e.m.c.i.embedder.EclipseLogger - Copying 0 resource
2018-08-30 15:27:50,095 [Worker-74] WARN  o.e.m.c.i.embedder.EclipseLogger - Using platform encoding (Cp1252 actually) to copy filtered resources, i.e. build is platform dependent!
2018-08-30 15:27:50,095 [Worker-74] INFO  o.e.m.c.i.embedder.EclipseLogger - Copying 0 resource
2018-08-30 15:28:06,437 [Worker-74] WARN  o.e.m.c.i.embedder.EclipseLogger - Using platform encoding (Cp1252 actually) to copy filtered resources, i.e. build is platform dependent!
2018-08-30 15:28:06,438 [Worker-74] INFO  o.e.m.c.i.embedder.EclipseLogger - Copying 0 resource
2018-08-30 15:28:06,439 [Worker-74] WARN  o.e.m.c.i.embedder.EclipseLogger - Using platform encoding (Cp1252 actually) to copy filtered resources, i.e. build is platform dependent!
2018-08-30 15:28:06,439 [Worker-74] INFO  o.e.m.c.i.embedder.EclipseLogger - Copying 0 resource
2018-08-30 15:28:23,039 [Worker-72] WARN  o.e.m.c.i.embedder.EclipseLogger - Using platform encoding (Cp1252 actually) to copy filtered resources, i.e. build is platform dependent!
2018-08-30 15:28:23,040 [Worker-72] INFO  o.e.m.c.i.embedder.EclipseLogger - Copying 0 resource
2018-08-30 15:28:23,041 [Worker-72] WARN  o.e.m.c.i.embedder.EclipseLogger - Using platform encoding (Cp1252 actually) to copy filtered resources, i.e. build is platform dependent!
2018-08-30 15:28:23,041 [Worker-72] INFO  o.e.m.c.i.embedder.EclipseLogger - Copying 0 resource
2018-08-30 15:28:26,060 [Worker-74] WARN  o.e.m.c.i.embedder.EclipseLogger - Using platform encoding (Cp1252 actually) to copy filtered resources, i.e. build is platform dependent!
2018-08-30 15:28:26,061 [Worker-74] INFO  o.e.m.c.i.embedder.EclipseLogger - Copying 0 resource
2018-08-30 15:28:26,062 [Worker-74] WARN  o.e.m.c.i.embedder.EclipseLogger - Using platform encoding (Cp1252 actually) to copy filtered resources, i.e. build is platform dependent!
2018-08-30 15:28:26,062 [Worker-74] INFO  o.e.m.c.i.embedder.EclipseLogger - Copying 0 resource
2018-08-30 15:28:30,199 [Worker-78] WARN  o.e.m.c.i.embedder.EclipseLogger - Using platform encoding (Cp1252 actually) to copy filtered resources, i.e. build is platform dependent!
2018-08-30 15:28:30,199 [Worker-78] INFO  o.e.m.c.i.embedder.EclipseLogger - Copying 0 resource
2018-08-30 15:28:30,200 [Worker-78] WARN  o.e.m.c.i.embedder.EclipseLogger - Using platform encoding (Cp1252 actually) to copy filtered resources, i.e. build is platform dependent!
2018-08-30 15:28:30,200 [Worker-78] INFO  o.e.m.c.i.embedder.EclipseLogger - Copying 0 resource
2018-08-30 15:28:39,116 [Worker-69] WARN  o.e.m.c.i.embedder.EclipseLogger - Using platform encoding (Cp1252 actually) to copy filtered resources, i.e. build is platform dependent!
2018-08-30 15:28:39,117 [Worker-69] INFO  o.e.m.c.i.embedder.EclipseLogger - Copying 0 resource
2018-08-30 15:28:39,118 [Worker-69] WARN  o.e.m.c.i.embedder.EclipseLogger - Using platform encoding (Cp1252 actually) to copy filtered resources, i.e. build is platform dependent!
2018-08-30 15:28:39,119 [Worker-69] INFO  o.e.m.c.i.embedder.EclipseLogger - Copying 0 resource
2018-08-30 15:29:41,479 [Worker-76] WARN  o.e.m.c.i.embedder.EclipseLogger - Using platform encoding (Cp1252 actually) to copy filtered resources, i.e. build is platform dependent!
2018-08-30 15:29:41,480 [Worker-76] INFO  o.e.m.c.i.embedder.EclipseLogger - Copying 0 resource
2018-08-30 15:29:41,481 [Worker-76] WARN  o.e.m.c.i.embedder.EclipseLogger - Using platform encoding (Cp1252 actually) to copy filtered resources, i.e. build is platform dependent!
2018-08-30 15:29:41,482 [Worker-76] INFO  o.e.m.c.i.embedder.EclipseLogger - Copying 0 resource
2018-08-30 15:30:36,150 [Worker-79] WARN  o.e.m.c.i.embedder.EclipseLogger - Using platform encoding (Cp1252 actually) to copy filtered resources, i.e. build is platform dependent!
2018-08-30 15:30:36,151 [Worker-79] INFO  o.e.m.c.i.embedder.EclipseLogger - Copying 0 resource
2018-08-30 15:30:36,152 [Worker-79] WARN  o.e.m.c.i.embedder.EclipseLogger - Using platform encoding (Cp1252 actually) to copy filtered resources, i.e. build is platform dependent!
2018-08-30 15:30:36,153 [Worker-79] INFO  o.e.m.c.i.embedder.EclipseLogger - Copying 0 resource
2018-08-30 15:30:47,973 [Worker-81] WARN  o.e.m.c.i.embedder.EclipseLogger - Using platform encoding (Cp1252 actually) to copy filtered resources, i.e. build is platform dependent!
2018-08-30 15:30:47,974 [Worker-81] INFO  o.e.m.c.i.embedder.EclipseLogger - Copying 0 resource
2018-08-30 15:30:47,975 [Worker-81] WARN  o.e.m.c.i.embedder.EclipseLogger - Using platform encoding (Cp1252 actually) to copy filtered resources, i.e. build is platform dependent!
2018-08-30 15:30:47,976 [Worker-81] INFO  o.e.m.c.i.embedder.EclipseLogger - Copying 0 resource
2018-08-30 15:31:01,887 [Worker-78] WARN  o.e.m.c.i.embedder.EclipseLogger - Using platform encoding (Cp1252 actually) to copy filtered resources, i.e. build is platform dependent!
2018-08-30 15:31:01,888 [Worker-78] INFO  o.e.m.c.i.embedder.EclipseLogger - Copying 0 resource
2018-08-30 15:31:01,889 [Worker-78] WARN  o.e.m.c.i.embedder.EclipseLogger - Using platform encoding (Cp1252 actually) to copy filtered resources, i.e. build is platform dependent!
2018-08-30 15:31:01,890 [Worker-78] INFO  o.e.m.c.i.embedder.EclipseLogger - Copying 0 resource
2018-08-30 15:31:15,963 [Worker-79] WARN  o.e.m.c.i.embedder.EclipseLogger - Using platform encoding (Cp1252 actually) to copy filtered resources, i.e. build is platform dependent!
2018-08-30 15:31:15,964 [Worker-79] INFO  o.e.m.c.i.embedder.EclipseLogger - Copying 0 resource
2018-08-30 15:31:15,965 [Worker-79] WARN  o.e.m.c.i.embedder.EclipseLogger - Using platform encoding (Cp1252 actually) to copy filtered resources, i.e. build is platform dependent!
2018-08-30 15:31:15,966 [Worker-79] INFO  o.e.m.c.i.embedder.EclipseLogger - Copying 0 resource
2018-08-30 15:51:50,561 [Worker-79] WARN  o.e.m.c.i.embedder.EclipseLogger - Using platform encoding (Cp1252 actually) to copy filtered resources, i.e. build is platform dependent!
2018-08-30 15:51:50,562 [Worker-79] INFO  o.e.m.c.i.embedder.EclipseLogger - Copying 0 resource
2018-08-30 15:51:50,562 [Worker-79] WARN  o.e.m.c.i.embedder.EclipseLogger - Using platform encoding (Cp1252 actually) to copy filtered resources, i.e. build is platform dependent!
2018-08-30 15:51:50,563 [Worker-79] INFO  o.e.m.c.i.embedder.EclipseLogger - Copying 0 resource
2018-08-30 15:52:15,755 [Worker-87] WARN  o.e.m.c.i.embedder.EclipseLogger - Using platform encoding (Cp1252 actually) to copy filtered resources, i.e. build is platform dependent!
2018-08-30 15:52:15,756 [Worker-87] INFO  o.e.m.c.i.embedder.EclipseLogger - Copying 0 resource
2018-08-30 15:52:15,757 [Worker-87] WARN  o.e.m.c.i.embedder.EclipseLogger - Using platform encoding (Cp1252 actually) to copy filtered resources, i.e. build is platform dependent!
2018-08-30 15:52:15,758 [Worker-87] INFO  o.e.m.c.i.embedder.EclipseLogger - Copying 0 resource
2018-08-30 15:52:28,540 [Worker-79] WARN  o.e.m.c.i.embedder.EclipseLogger - Using platform encoding (Cp1252 actually) to copy filtered resources, i.e. build is platform dependent!
2018-08-30 15:52:28,541 [Worker-79] INFO  o.e.m.c.i.embedder.EclipseLogger - Copying 0 resource
2018-08-30 15:52:28,541 [Worker-79] WARN  o.e.m.c.i.embedder.EclipseLogger - Using platform encoding (Cp1252 actually) to copy filtered resources, i.e. build is platform dependent!
2018-08-30 15:52:28,542 [Worker-79] INFO  o.e.m.c.i.embedder.EclipseLogger - Copying 0 resource
2018-08-30 15:54:40,486 [Worker-79] WARN  o.e.m.c.i.embedder.EclipseLogger - Using platform encoding (Cp1252 actually) to copy filtered resources, i.e. build is platform dependent!
2018-08-30 15:54:40,486 [Worker-79] INFO  o.e.m.c.i.embedder.EclipseLogger - Copying 0 resource
2018-08-30 15:54:40,487 [Worker-79] WARN  o.e.m.c.i.embedder.EclipseLogger - Using platform encoding (Cp1252 actually) to copy filtered resources, i.e. build is platform dependent!
2018-08-30 15:54:40,487 [Worker-79] INFO  o.e.m.c.i.embedder.EclipseLogger - Copying 0 resource
2018-08-30 15:54:48,225 [Worker-79] WARN  o.e.m.c.i.embedder.EclipseLogger - Using platform encoding (Cp1252 actually) to copy filtered resources, i.e. build is platform dependent!
2018-08-30 15:54:48,226 [Worker-79] INFO  o.e.m.c.i.embedder.EclipseLogger - Copying 0 resource
2018-08-30 15:54:48,227 [Worker-79] WARN  o.e.m.c.i.embedder.EclipseLogger - Using platform encoding (Cp1252 actually) to copy filtered resources, i.e. build is platform dependent!
2018-08-30 15:54:48,228 [Worker-79] INFO  o.e.m.c.i.embedder.EclipseLogger - Copying 0 resource
2018-08-30 15:54:54,595 [Worker-82] WARN  o.e.m.c.i.embedder.EclipseLogger - Using platform encoding (Cp1252 actually) to copy filtered resources, i.e. build is platform dependent!
2018-08-30 15:54:54,595 [Worker-82] INFO  o.e.m.c.i.embedder.EclipseLogger - Copying 0 resource
2018-08-30 15:54:54,596 [Worker-82] WARN  o.e.m.c.i.embedder.EclipseLogger - Using platform encoding (Cp1252 actually) to copy filtered resources, i.e. build is platform dependent!
2018-08-30 15:54:54,597 [Worker-82] INFO  o.e.m.c.i.embedder.EclipseLogger - Copying 0 resource
2018-08-30 15:55:14,176 [Worker-89] WARN  o.e.m.c.i.embedder.EclipseLogger - Using platform encoding (Cp1252 actually) to copy filtered resources, i.e. build is platform dependent!
2018-08-30 15:55:14,177 [Worker-89] INFO  o.e.m.c.i.embedder.EclipseLogger - Copying 0 resource
2018-08-30 15:55:14,178 [Worker-89] WARN  o.e.m.c.i.embedder.EclipseLogger - Using platform encoding (Cp1252 actually) to copy filtered resources, i.e. build is platform dependent!
2018-08-30 15:55:14,178 [Worker-89] INFO  o.e.m.c.i.embedder.EclipseLogger - Copying 0 resource
2018-08-30 15:55:39,562 [Worker-79] WARN  o.e.m.c.i.embedder.EclipseLogger - Using platform encoding (Cp1252 actually) to copy filtered resources, i.e. build is platform dependent!
2018-08-30 15:55:39,563 [Worker-79] INFO  o.e.m.c.i.embedder.EclipseLogger - Copying 0 resource
2018-08-30 15:55:39,564 [Worker-79] WARN  o.e.m.c.i.embedder.EclipseLogger - Using platform encoding (Cp1252 actually) to copy filtered resources, i.e. build is platform dependent!
2018-08-30 15:55:39,565 [Worker-79] INFO  o.e.m.c.i.embedder.EclipseLogger - Copying 0 resource
2018-08-30 15:56:04,068 [Worker-79] WARN  o.e.m.c.i.embedder.EclipseLogger - Using platform encoding (Cp1252 actually) to copy filtered resources, i.e. build is platform dependent!
2018-08-30 15:56:04,069 [Worker-79] INFO  o.e.m.c.i.embedder.EclipseLogger - Copying 0 resource
2018-08-30 15:56:04,069 [Worker-79] WARN  o.e.m.c.i.embedder.EclipseLogger - Using platform encoding (Cp1252 actually) to copy filtered resources, i.e. build is platform dependent!
2018-08-30 15:56:04,070 [Worker-79] INFO  o.e.m.c.i.embedder.EclipseLogger - Copying 0 resource
2018-08-30 15:56:06,279 [Worker-91] WARN  o.e.m.c.i.embedder.EclipseLogger - Using platform encoding (Cp1252 actually) to copy filtered resources, i.e. build is platform dependent!
2018-08-30 15:56:06,281 [Worker-91] INFO  o.e.m.c.i.embedder.EclipseLogger - Copying 0 resource
2018-08-30 15:56:06,282 [Worker-91] WARN  o.e.m.c.i.embedder.EclipseLogger - Using platform encoding (Cp1252 actually) to copy filtered resources, i.e. build is platform dependent!
2018-08-30 15:56:06,283 [Worker-91] INFO  o.e.m.c.i.embedder.EclipseLogger - Copying 0 resource
2018-08-30 15:56:29,554 [Worker-79] WARN  o.e.m.c.i.embedder.EclipseLogger - Using platform encoding (Cp1252 actually) to copy filtered resources, i.e. build is platform dependent!
2018-08-30 15:56:29,555 [Worker-79] INFO  o.e.m.c.i.embedder.EclipseLogger - Copying 0 resource
2018-08-30 15:56:29,555 [Worker-79] WARN  o.e.m.c.i.embedder.EclipseLogger - Using platform encoding (Cp1252 actually) to copy filtered resources, i.e. build is platform dependent!
2018-08-30 15:56:29,556 [Worker-79] INFO  o.e.m.c.i.embedder.EclipseLogger - Copying 0 resource
2018-08-30 15:57:53,581 [Worker-94] WARN  o.e.m.c.i.embedder.EclipseLogger - Using platform encoding (Cp1252 actually) to copy filtered resources, i.e. build is platform dependent!
2018-08-30 15:57:53,582 [Worker-94] INFO  o.e.m.c.i.embedder.EclipseLogger - Copying 0 resource
2018-08-30 15:57:53,582 [Worker-94] WARN  o.e.m.c.i.embedder.EclipseLogger - Using platform encoding (Cp1252 actually) to copy filtered resources, i.e. build is platform dependent!
2018-08-30 15:57:53,583 [Worker-94] INFO  o.e.m.c.i.embedder.EclipseLogger - Copying 0 resource
2018-08-30 15:58:09,829 [Worker-96] WARN  o.e.m.c.i.embedder.EclipseLogger - Using platform encoding (Cp1252 actually) to copy filtered resources, i.e. build is platform dependent!
2018-08-30 15:58:09,830 [Worker-96] INFO  o.e.m.c.i.embedder.EclipseLogger - Copying 0 resource
2018-08-30 15:58:09,831 [Worker-96] WARN  o.e.m.c.i.embedder.EclipseLogger - Using platform encoding (Cp1252 actually) to copy filtered resources, i.e. build is platform dependent!
2018-08-30 15:58:09,831 [Worker-96] INFO  o.e.m.c.i.embedder.EclipseLogger - Copying 0 resource
2018-08-30 15:58:23,936 [Worker-82] WARN  o.e.m.c.i.embedder.EclipseLogger - Using platform encoding (Cp1252 actually) to copy filtered resources, i.e. build is platform dependent!
2018-08-30 15:58:23,937 [Worker-82] INFO  o.e.m.c.i.embedder.EclipseLogger - Copying 0 resource
2018-08-30 15:58:23,938 [Worker-82] WARN  o.e.m.c.i.embedder.EclipseLogger - Using platform encoding (Cp1252 actually) to copy filtered resources, i.e. build is platform dependent!
2018-08-30 15:58:23,938 [Worker-82] INFO  o.e.m.c.i.embedder.EclipseLogger - Copying 0 resource
2018-08-30 15:58:42,422 [Worker-97] WARN  o.e.m.c.i.embedder.EclipseLogger - Using platform encoding (Cp1252 actually) to copy filtered resources, i.e. build is platform dependent!
2018-08-30 15:58:42,423 [Worker-97] INFO  o.e.m.c.i.embedder.EclipseLogger - Copying 0 resource
2018-08-30 15:58:42,423 [Worker-97] WARN  o.e.m.c.i.embedder.EclipseLogger - Using platform encoding (Cp1252 actually) to copy filtered resources, i.e. build is platform dependent!
2018-08-30 15:58:42,423 [Worker-97] INFO  o.e.m.c.i.embedder.EclipseLogger - Copying 0 resource
2018-08-30 15:58:46,946 [Worker-93] WARN  o.e.m.c.i.embedder.EclipseLogger - Using platform encoding (Cp1252 actually) to copy filtered resources, i.e. build is platform dependent!
2018-08-30 15:58:46,947 [Worker-93] INFO  o.e.m.c.i.embedder.EclipseLogger - Copying 0 resource
2018-08-30 15:58:46,948 [Worker-93] WARN  o.e.m.c.i.embedder.EclipseLogger - Using platform encoding (Cp1252 actually) to copy filtered resources, i.e. build is platform dependent!
2018-08-30 15:58:46,948 [Worker-93] INFO  o.e.m.c.i.embedder.EclipseLogger - Copying 0 resource
2018-08-30 15:59:10,299 [Worker-89] WARN  o.e.m.c.i.embedder.EclipseLogger - Using platform encoding (Cp1252 actually) to copy filtered resources, i.e. build is platform dependent!
2018-08-30 15:59:10,300 [Worker-89] INFO  o.e.m.c.i.embedder.EclipseLogger - Copying 0 resource
2018-08-30 15:59:10,301 [Worker-89] WARN  o.e.m.c.i.embedder.EclipseLogger - Using platform encoding (Cp1252 actually) to copy filtered resources, i.e. build is platform dependent!
2018-08-30 15:59:10,301 [Worker-89] INFO  o.e.m.c.i.embedder.EclipseLogger - Copying 0 resource
2018-08-30 15:59:21,320 [Worker-86] WARN  o.e.m.c.i.embedder.EclipseLogger - Using platform encoding (Cp1252 actually) to copy filtered resources, i.e. build is platform dependent!
2018-08-30 15:59:21,321 [Worker-86] INFO  o.e.m.c.i.embedder.EclipseLogger - Copying 0 resource
2018-08-30 15:59:21,322 [Worker-86] WARN  o.e.m.c.i.embedder.EclipseLogger - Using platform encoding (Cp1252 actually) to copy filtered resources, i.e. build is platform dependent!
2018-08-30 15:59:21,323 [Worker-86] INFO  o.e.m.c.i.embedder.EclipseLogger - Copying 0 resource
2018-08-30 16:01:01,588 [Worker-101] WARN  o.e.m.c.i.embedder.EclipseLogger - Using platform encoding (Cp1252 actually) to copy filtered resources, i.e. build is platform dependent!
2018-08-30 16:01:01,589 [Worker-101] INFO  o.e.m.c.i.embedder.EclipseLogger - Copying 0 resource
2018-08-30 16:01:01,590 [Worker-101] WARN  o.e.m.c.i.embedder.EclipseLogger - Using platform encoding (Cp1252 actually) to copy filtered resources, i.e. build is platform dependent!
2018-08-30 16:01:01,590 [Worker-101] INFO  o.e.m.c.i.embedder.EclipseLogger - Copying 0 resource
2018-08-30 16:01:04,798 [Worker-88] WARN  o.e.m.c.i.embedder.EclipseLogger - Using platform encoding (Cp1252 actually) to copy filtered resources, i.e. build is platform dependent!
2018-08-30 16:01:04,799 [Worker-88] INFO  o.e.m.c.i.embedder.EclipseLogger - Copying 0 resource
2018-08-30 16:01:04,800 [Worker-88] WARN  o.e.m.c.i.embedder.EclipseLogger - Using platform encoding (Cp1252 actually) to copy filtered resources, i.e. build is platform dependent!
2018-08-30 16:01:04,800 [Worker-88] INFO  o.e.m.c.i.embedder.EclipseLogger - Copying 0 resource
2018-08-30 16:02:15,637 [Worker-99] WARN  o.e.m.c.i.embedder.EclipseLogger - Using platform encoding (Cp1252 actually) to copy filtered resources, i.e. build is platform dependent!
2018-08-30 16:02:15,637 [Worker-99] INFO  o.e.m.c.i.embedder.EclipseLogger - Copying 0 resource
2018-08-30 16:02:15,638 [Worker-99] WARN  o.e.m.c.i.embedder.EclipseLogger - Using platform encoding (Cp1252 actually) to copy filtered resources, i.e. build is platform dependent!
2018-08-30 16:02:15,638 [Worker-99] INFO  o.e.m.c.i.embedder.EclipseLogger - Copying 0 resource
2018-08-30 16:03:58,379 [Worker-79] WARN  o.e.m.c.i.embedder.EclipseLogger - Using platform encoding (Cp1252 actually) to copy filtered resources, i.e. build is platform dependent!
2018-08-30 16:03:58,380 [Worker-79] INFO  o.e.m.c.i.embedder.EclipseLogger - Copying 0 resource
2018-08-30 16:03:58,381 [Worker-79] WARN  o.e.m.c.i.embedder.EclipseLogger - Using platform encoding (Cp1252 actually) to copy filtered resources, i.e. build is platform dependent!
2018-08-30 16:03:58,382 [Worker-79] INFO  o.e.m.c.i.embedder.EclipseLogger - Copying 0 resource
2018-08-30 16:04:37,840 [Worker-104] WARN  o.e.m.c.i.embedder.EclipseLogger - Using platform encoding (Cp1252 actually) to copy filtered resources, i.e. build is platform dependent!
2018-08-30 16:04:37,841 [Worker-104] INFO  o.e.m.c.i.embedder.EclipseLogger - Copying 0 resource
2018-08-30 16:04:37,842 [Worker-104] WARN  o.e.m.c.i.embedder.EclipseLogger - Using platform encoding (Cp1252 actually) to copy filtered resources, i.e. build is platform dependent!
2018-08-30 16:04:37,843 [Worker-104] INFO  o.e.m.c.i.embedder.EclipseLogger - Copying 0 resource
2018-08-30 16:04:45,868 [Worker-90] WARN  o.e.m.c.i.embedder.EclipseLogger - Using platform encoding (Cp1252 actually) to copy filtered resources, i.e. build is platform dependent!
2018-08-30 16:04:45,869 [Worker-90] INFO  o.e.m.c.i.embedder.EclipseLogger - Copying 0 resource
2018-08-30 16:04:45,870 [Worker-90] WARN  o.e.m.c.i.embedder.EclipseLogger - Using platform encoding (Cp1252 actually) to copy filtered resources, i.e. build is platform dependent!
2018-08-30 16:04:45,870 [Worker-90] INFO  o.e.m.c.i.embedder.EclipseLogger - Copying 0 resource
2018-08-30 16:04:53,128 [Worker-103] WARN  o.e.m.c.i.embedder.EclipseLogger - Using platform encoding (Cp1252 actually) to copy filtered resources, i.e. build is platform dependent!
2018-08-30 16:04:53,129 [Worker-103] INFO  o.e.m.c.i.embedder.EclipseLogger - Copying 0 resource
2018-08-30 16:04:53,130 [Worker-103] WARN  o.e.m.c.i.embedder.EclipseLogger - Using platform encoding (Cp1252 actually) to copy filtered resources, i.e. build is platform dependent!
2018-08-30 16:04:53,130 [Worker-103] INFO  o.e.m.c.i.embedder.EclipseLogger - Copying 0 resource
2018-08-30 16:05:02,538 [Worker-90] WARN  o.e.m.c.i.embedder.EclipseLogger - Using platform encoding (Cp1252 actually) to copy filtered resources, i.e. build is platform dependent!
2018-08-30 16:05:02,538 [Worker-90] INFO  o.e.m.c.i.embedder.EclipseLogger - Copying 0 resource
2018-08-30 16:05:02,539 [Worker-90] WARN  o.e.m.c.i.embedder.EclipseLogger - Using platform encoding (Cp1252 actually) to copy filtered resources, i.e. build is platform dependent!
2018-08-30 16:05:02,539 [Worker-90] INFO  o.e.m.c.i.embedder.EclipseLogger - Copying 0 resource
2018-08-30 16:05:07,610 [Worker-101] WARN  o.e.m.c.i.embedder.EclipseLogger - Using platform encoding (Cp1252 actually) to copy filtered resources, i.e. build is platform dependent!
2018-08-30 16:05:07,611 [Worker-101] INFO  o.e.m.c.i.embedder.EclipseLogger - Copying 0 resource
2018-08-30 16:05:07,611 [Worker-101] WARN  o.e.m.c.i.embedder.EclipseLogger - Using platform encoding (Cp1252 actually) to copy filtered resources, i.e. build is platform dependent!
2018-08-30 16:05:07,612 [Worker-101] INFO  o.e.m.c.i.embedder.EclipseLogger - Copying 0 resource
2018-08-30 16:05:13,939 [Worker-88] WARN  o.e.m.c.i.embedder.EclipseLogger - Using platform encoding (Cp1252 actually) to copy filtered resources, i.e. build is platform dependent!
2018-08-30 16:05:13,940 [Worker-88] INFO  o.e.m.c.i.embedder.EclipseLogger - Copying 0 resource
2018-08-30 16:05:13,941 [Worker-88] WARN  o.e.m.c.i.embedder.EclipseLogger - Using platform encoding (Cp1252 actually) to copy filtered resources, i.e. build is platform dependent!
2018-08-30 16:05:13,942 [Worker-88] INFO  o.e.m.c.i.embedder.EclipseLogger - Copying 0 resource
2018-08-30 16:05:29,253 [Worker-88] WARN  o.e.m.c.i.embedder.EclipseLogger - Using platform encoding (Cp1252 actually) to copy filtered resources, i.e. build is platform dependent!
2018-08-30 16:05:29,254 [Worker-88] INFO  o.e.m.c.i.embedder.EclipseLogger - Copying 0 resource
2018-08-30 16:05:29,254 [Worker-88] WARN  o.e.m.c.i.embedder.EclipseLogger - Using platform encoding (Cp1252 actually) to copy filtered resources, i.e. build is platform dependent!
2018-08-30 16:05:29,255 [Worker-88] INFO  o.e.m.c.i.embedder.EclipseLogger - Copying 0 resource
2018-08-30 16:05:31,409 [Worker-95] WARN  o.e.m.c.i.embedder.EclipseLogger - Using platform encoding (Cp1252 actually) to copy filtered resources, i.e. build is platform dependent!
2018-08-30 16:05:31,410 [Worker-95] INFO  o.e.m.c.i.embedder.EclipseLogger - Copying 0 resource
2018-08-30 16:05:31,411 [Worker-95] WARN  o.e.m.c.i.embedder.EclipseLogger - Using platform encoding (Cp1252 actually) to copy filtered resources, i.e. build is platform dependent!
2018-08-30 16:05:31,411 [Worker-95] INFO  o.e.m.c.i.embedder.EclipseLogger - Copying 0 resource
2018-08-30 16:05:43,198 [Worker-100] WARN  o.e.m.c.i.embedder.EclipseLogger - Using platform encoding (Cp1252 actually) to copy filtered resources, i.e. build is platform dependent!
2018-08-30 16:05:43,198 [Worker-100] INFO  o.e.m.c.i.embedder.EclipseLogger - Copying 0 resource
2018-08-30 16:05:43,199 [Worker-100] WARN  o.e.m.c.i.embedder.EclipseLogger - Using platform encoding (Cp1252 actually) to copy filtered resources, i.e. build is platform dependent!
2018-08-30 16:05:43,200 [Worker-100] INFO  o.e.m.c.i.embedder.EclipseLogger - Copying 0 resource
2018-08-30 16:05:54,691 [Worker-96] WARN  o.e.m.c.i.embedder.EclipseLogger - Using platform encoding (Cp1252 actually) to copy filtered resources, i.e. build is platform dependent!
2018-08-30 16:05:54,692 [Worker-96] INFO  o.e.m.c.i.embedder.EclipseLogger - Copying 0 resource
2018-08-30 16:05:54,692 [Worker-96] WARN  o.e.m.c.i.embedder.EclipseLogger - Using platform encoding (Cp1252 actually) to copy filtered resources, i.e. build is platform dependent!
2018-08-30 16:05:54,692 [Worker-96] INFO  o.e.m.c.i.embedder.EclipseLogger - Copying 0 resource
2018-08-30 16:06:45,479 [Worker-82] WARN  o.e.m.c.i.embedder.EclipseLogger - Using platform encoding (Cp1252 actually) to copy filtered resources, i.e. build is platform dependent!
2018-08-30 16:06:45,480 [Worker-82] INFO  o.e.m.c.i.embedder.EclipseLogger - Copying 0 resource
2018-08-30 16:06:45,480 [Worker-82] WARN  o.e.m.c.i.embedder.EclipseLogger - Using platform encoding (Cp1252 actually) to copy filtered resources, i.e. build is platform dependent!
2018-08-30 16:06:45,481 [Worker-82] INFO  o.e.m.c.i.embedder.EclipseLogger - Copying 0 resource
2018-08-30 16:06:50,838 [Worker-99] WARN  o.e.m.c.i.embedder.EclipseLogger - Using platform encoding (Cp1252 actually) to copy filtered resources, i.e. build is platform dependent!
2018-08-30 16:06:50,839 [Worker-99] INFO  o.e.m.c.i.embedder.EclipseLogger - Copying 0 resource
2018-08-30 16:06:50,840 [Worker-99] WARN  o.e.m.c.i.embedder.EclipseLogger - Using platform encoding (Cp1252 actually) to copy filtered resources, i.e. build is platform dependent!
2018-08-30 16:06:50,841 [Worker-99] INFO  o.e.m.c.i.embedder.EclipseLogger - Copying 0 resource
2018-08-30 16:06:54,857 [Worker-104] WARN  o.e.m.c.i.embedder.EclipseLogger - Using platform encoding (Cp1252 actually) to copy filtered resources, i.e. build is platform dependent!
2018-08-30 16:06:54,859 [Worker-104] INFO  o.e.m.c.i.embedder.EclipseLogger - Copying 0 resource
2018-08-30 16:06:54,860 [Worker-104] WARN  o.e.m.c.i.embedder.EclipseLogger - Using platform encoding (Cp1252 actually) to copy filtered resources, i.e. build is platform dependent!
2018-08-30 16:06:54,861 [Worker-104] INFO  o.e.m.c.i.embedder.EclipseLogger - Copying 0 resource
2018-08-30 16:07:13,397 [Worker-107] WARN  o.e.m.c.i.embedder.EclipseLogger - Using platform encoding (Cp1252 actually) to copy filtered resources, i.e. build is platform dependent!
2018-08-30 16:07:13,398 [Worker-107] INFO  o.e.m.c.i.embedder.EclipseLogger - Copying 0 resource
2018-08-30 16:07:13,399 [Worker-107] WARN  o.e.m.c.i.embedder.EclipseLogger - Using platform encoding (Cp1252 actually) to copy filtered resources, i.e. build is platform dependent!
2018-08-30 16:07:13,400 [Worker-107] INFO  o.e.m.c.i.embedder.EclipseLogger - Copying 0 resource
2018-08-30 16:08:00,992 [Worker-108] WARN  o.e.m.c.i.embedder.EclipseLogger - Using platform encoding (Cp1252 actually) to copy filtered resources, i.e. build is platform dependent!
2018-08-30 16:08:00,993 [Worker-108] INFO  o.e.m.c.i.embedder.EclipseLogger - Copying 0 resource
2018-08-30 16:08:00,994 [Worker-108] WARN  o.e.m.c.i.embedder.EclipseLogger - Using platform encoding (Cp1252 actually) to copy filtered resources, i.e. build is platform dependent!
2018-08-30 16:08:00,996 [Worker-108] INFO  o.e.m.c.i.embedder.EclipseLogger - Copying 0 resource
2018-08-30 16:08:53,849 [Worker-101] WARN  o.e.m.c.i.embedder.EclipseLogger - Using platform encoding (Cp1252 actually) to copy filtered resources, i.e. build is platform dependent!
2018-08-30 16:08:53,849 [Worker-101] INFO  o.e.m.c.i.embedder.EclipseLogger - Copying 0 resource
2018-08-30 16:08:53,850 [Worker-101] WARN  o.e.m.c.i.embedder.EclipseLogger - Using platform encoding (Cp1252 actually) to copy filtered resources, i.e. build is platform dependent!
2018-08-30 16:08:53,850 [Worker-101] INFO  o.e.m.c.i.embedder.EclipseLogger - Copying 0 resource
2018-08-30 16:09:56,325 [Worker-90] WARN  o.e.m.c.i.embedder.EclipseLogger - Using platform encoding (Cp1252 actually) to copy filtered resources, i.e. build is platform dependent!
2018-08-30 16:09:56,326 [Worker-90] INFO  o.e.m.c.i.embedder.EclipseLogger - Copying 0 resource
2018-08-30 16:09:56,327 [Worker-90] WARN  o.e.m.c.i.embedder.EclipseLogger - Using platform encoding (Cp1252 actually) to copy filtered resources, i.e. build is platform dependent!
2018-08-30 16:09:56,328 [Worker-90] INFO  o.e.m.c.i.embedder.EclipseLogger - Copying 0 resource
2018-08-30 16:10:00,982 [Worker-105] WARN  o.e.m.c.i.embedder.EclipseLogger - Using platform encoding (Cp1252 actually) to copy filtered resources, i.e. build is platform dependent!
2018-08-30 16:10:00,983 [Worker-105] INFO  o.e.m.c.i.embedder.EclipseLogger - Copying 0 resource
2018-08-30 16:10:00,984 [Worker-105] WARN  o.e.m.c.i.embedder.EclipseLogger - Using platform encoding (Cp1252 actually) to copy filtered resources, i.e. build is platform dependent!
2018-08-30 16:10:00,984 [Worker-105] INFO  o.e.m.c.i.embedder.EclipseLogger - Copying 0 resource
2018-08-30 16:10:22,359 [Worker-86] WARN  o.e.m.c.i.embedder.EclipseLogger - Using platform encoding (Cp1252 actually) to copy filtered resources, i.e. build is platform dependent!
2018-08-30 16:10:22,361 [Worker-86] INFO  o.e.m.c.i.embedder.EclipseLogger - Copying 0 resource
2018-08-30 16:10:22,363 [Worker-86] WARN  o.e.m.c.i.embedder.EclipseLogger - Using platform encoding (Cp1252 actually) to copy filtered resources, i.e. build is platform dependent!
2018-08-30 16:10:22,364 [Worker-86] INFO  o.e.m.c.i.embedder.EclipseLogger - Copying 0 resource
2018-08-30 16:11:28,890 [Worker-95] WARN  o.e.m.c.i.embedder.EclipseLogger - Using platform encoding (Cp1252 actually) to copy filtered resources, i.e. build is platform dependent!
2018-08-30 16:11:28,890 [Worker-95] INFO  o.e.m.c.i.embedder.EclipseLogger - Copying 0 resource
2018-08-30 16:11:28,891 [Worker-95] WARN  o.e.m.c.i.embedder.EclipseLogger - Using platform encoding (Cp1252 actually) to copy filtered resources, i.e. build is platform dependent!
2018-08-30 16:11:28,891 [Worker-95] INFO  o.e.m.c.i.embedder.EclipseLogger - Copying 0 resource
2018-08-30 16:11:34,591 [Worker-105] WARN  o.e.m.c.i.embedder.EclipseLogger - Using platform encoding (Cp1252 actually) to copy filtered resources, i.e. build is platform dependent!
2018-08-30 16:11:34,592 [Worker-105] INFO  o.e.m.c.i.embedder.EclipseLogger - Copying 0 resource
2018-08-30 16:11:34,592 [Worker-105] WARN  o.e.m.c.i.embedder.EclipseLogger - Using platform encoding (Cp1252 actually) to copy filtered resources, i.e. build is platform dependent!
2018-08-30 16:11:34,593 [Worker-105] INFO  o.e.m.c.i.embedder.EclipseLogger - Copying 0 resource
2018-08-30 16:12:47,733 [Worker-108] WARN  o.e.m.c.i.embedder.EclipseLogger - Using platform encoding (Cp1252 actually) to copy filtered resources, i.e. build is platform dependent!
2018-08-30 16:12:47,734 [Worker-108] INFO  o.e.m.c.i.embedder.EclipseLogger - Copying 0 resource
2018-08-30 16:12:47,735 [Worker-108] WARN  o.e.m.c.i.embedder.EclipseLogger - Using platform encoding (Cp1252 actually) to copy filtered resources, i.e. build is platform dependent!
2018-08-30 16:12:47,735 [Worker-108] INFO  o.e.m.c.i.embedder.EclipseLogger - Copying 0 resource
2018-08-30 16:12:59,470 [Worker-108] WARN  o.e.m.c.i.embedder.EclipseLogger - Using platform encoding (Cp1252 actually) to copy filtered resources, i.e. build is platform dependent!
2018-08-30 16:12:59,470 [Worker-108] INFO  o.e.m.c.i.embedder.EclipseLogger - Copying 0 resource
2018-08-30 16:12:59,471 [Worker-108] WARN  o.e.m.c.i.embedder.EclipseLogger - Using platform encoding (Cp1252 actually) to copy filtered resources, i.e. build is platform dependent!
2018-08-30 16:12:59,471 [Worker-108] INFO  o.e.m.c.i.embedder.EclipseLogger - Copying 0 resource
2018-08-30 16:13:28,810 [Worker-95] WARN  o.e.m.c.i.embedder.EclipseLogger - Using platform encoding (Cp1252 actually) to copy filtered resources, i.e. build is platform dependent!
2018-08-30 16:13:28,812 [Worker-95] INFO  o.e.m.c.i.embedder.EclipseLogger - Copying 0 resource
2018-08-30 16:13:28,813 [Worker-95] WARN  o.e.m.c.i.embedder.EclipseLogger - Using platform encoding (Cp1252 actually) to copy filtered resources, i.e. build is platform dependent!
2018-08-30 16:13:28,814 [Worker-95] INFO  o.e.m.c.i.embedder.EclipseLogger - Copying 0 resource
2018-08-31 13:52:31,675 [Worker-3] WARN  o.e.m.c.i.embedder.EclipseLogger - Using platform encoding (Cp1252 actually) to copy filtered resources, i.e. build is platform dependent!
2018-08-31 13:52:31,682 [Worker-3] INFO  o.e.m.c.i.embedder.EclipseLogger - Copying 0 resource
2018-08-31 13:52:31,684 [Worker-3] WARN  o.e.m.c.i.embedder.EclipseLogger - Using platform encoding (Cp1252 actually) to copy filtered resources, i.e. build is platform dependent!
2018-08-31 13:52:31,684 [Worker-3] INFO  o.e.m.c.i.embedder.EclipseLogger - Copying 0 resource
2018-08-31 14:01:41,048 [Worker-23] WARN  o.e.m.c.i.embedder.EclipseLogger - Using platform encoding (Cp1252 actually) to copy filtered resources, i.e. build is platform dependent!
2018-08-31 14:01:41,053 [Worker-23] INFO  o.e.m.c.i.embedder.EclipseLogger - Copying 0 resource
2018-08-31 14:01:41,054 [Worker-23] WARN  o.e.m.c.i.embedder.EclipseLogger - Using platform encoding (Cp1252 actually) to copy filtered resources, i.e. build is platform dependent!
2018-08-31 14:01:41,055 [Worker-23] INFO  o.e.m.c.i.embedder.EclipseLogger - Copying 0 resource
